c:\users\roren\documents\projects\commissions\c\justrica\bankingsystem\bankingsystem\x64\debug\vc143.pdb
c:\users\roren\documents\projects\commissions\c\justrica\bankingsystem\bankingsystem\x64\debug\vc143.idb
c:\users\roren\documents\projects\commissions\c\justrica\bankingsystem\bankingsystem\x64\debug\account.obj
c:\users\roren\documents\projects\commissions\c\justrica\bankingsystem\bankingsystem\x64\debug\bankingsystem.obj
c:\users\roren\documents\projects\commissions\c\justrica\bankingsystem\bankingsystem\x64\debug\account.obj.enc
c:\users\roren\documents\projects\commissions\c\justrica\bankingsystem\x64\debug\bankingsystem.pdb
c:\users\roren\documents\projects\commissions\c\justrica\bankingsystem\bankingsystem\x64\debug\bankingsystem.tlog\cl.command.1.tlog
c:\users\roren\documents\projects\commissions\c\justrica\bankingsystem\bankingsystem\x64\debug\bankingsystem.tlog\cl.read.1.tlog
c:\users\roren\documents\projects\commissions\c\justrica\bankingsystem\bankingsystem\x64\debug\bankingsystem.tlog\cl.write.1.tlog
c:\users\roren\documents\projects\commissions\c\justrica\bankingsystem\bankingsystem\x64\debug\bankingsystem.tlog\link-cvtres.read.1.tlog
c:\users\roren\documents\projects\commissions\c\justrica\bankingsystem\bankingsystem\x64\debug\bankingsystem.tlog\link-cvtres.write.1.tlog
c:\users\roren\documents\projects\commissions\c\justrica\bankingsystem\bankingsystem\x64\debug\bankingsystem.tlog\link-rc.read.1.tlog
c:\users\roren\documents\projects\commissions\c\justrica\bankingsystem\bankingsystem\x64\debug\bankingsystem.tlog\link-rc.write.1.tlog
c:\users\roren\documents\projects\commissions\c\justrica\bankingsystem\bankingsystem\x64\debug\bankingsystem.tlog\link.14572-cvtres.read.1.tlog
c:\users\roren\documents\projects\commissions\c\justrica\bankingsystem\bankingsystem\x64\debug\bankingsystem.tlog\link.14572-cvtres.write.1.tlog
c:\users\roren\documents\projects\commissions\c\justrica\bankingsystem\bankingsystem\x64\debug\bankingsystem.tlog\link.14572-rc.read.1.tlog
c:\users\roren\documents\projects\commissions\c\justrica\bankingsystem\bankingsystem\x64\debug\bankingsystem.tlog\link.14572-rc.write.1.tlog
c:\users\roren\documents\projects\commissions\c\justrica\bankingsystem\bankingsystem\x64\debug\bankingsystem.tlog\link.14572.read.1.tlog
c:\users\roren\documents\projects\commissions\c\justrica\bankingsystem\bankingsystem\x64\debug\bankingsystem.tlog\link.14572.read.2.tlog
c:\users\roren\documents\projects\commissions\c\justrica\bankingsystem\bankingsystem\x64\debug\bankingsystem.tlog\link.14572.write.1.tlog
c:\users\roren\documents\projects\commissions\c\justrica\bankingsystem\bankingsystem\x64\debug\bankingsystem.tlog\link.command.1.tlog
c:\users\roren\documents\projects\commissions\c\justrica\bankingsystem\bankingsystem\x64\debug\bankingsystem.tlog\link.read.1.tlog
c:\users\roren\documents\projects\commissions\c\justrica\bankingsystem\bankingsystem\x64\debug\bankingsystem.tlog\link.read.2.tlog
c:\users\roren\documents\projects\commissions\c\justrica\bankingsystem\bankingsystem\x64\debug\bankingsystem.tlog\link.write.1.tlog
