  BankingSystem.c
C:\Users\roren\Documents\Projects\commissions\c\justrica\BankingSystem\BankingSystem\BankingSystem.c(25,10): warning C4477: 'scanf_s' : format string '%s' requires an argument of type 'unsigned int', but variadic argument 2 has type 'size_t'
C:\Users\roren\Documents\Projects\commissions\c\justrica\BankingSystem\BankingSystem\BankingSystem.c(25,10): message : this argument is used as a buffer size
C:\Users\roren\Documents\Projects\commissions\c\justrica\BankingSystem\BankingSystem\BankingSystem.c(28,10): warning C4477: 'scanf_s' : format string '%s' requires an argument of type 'unsigned int', but variadic argument 2 has type 'size_t'
C:\Users\roren\Documents\Projects\commissions\c\justrica\BankingSystem\BankingSystem\BankingSystem.c(28,10): message : this argument is used as a buffer size
C:\Users\roren\Documents\Projects\commissions\c\justrica\BankingSystem\BankingSystem\BankingSystem.c(31,10): warning C4477: 'scanf_s' : format string '%s' requires an argument of type 'unsigned int', but variadic argument 2 has type 'size_t'
C:\Users\roren\Documents\Projects\commissions\c\justrica\BankingSystem\BankingSystem\BankingSystem.c(31,10): message : this argument is used as a buffer size
C:\Users\roren\Documents\Projects\commissions\c\justrica\BankingSystem\BankingSystem\BankingSystem.c(36,33): warning C4047: 'function': 'char *' differs in levels of indirection from 'char (*)[13]'
C:\Users\roren\Documents\Projects\commissions\c\justrica\BankingSystem\BankingSystem\BankingSystem.c(36,22): warning C4024: 'generate_account_no': different types for formal and actual parameter 1
C:\Users\roren\Documents\Projects\commissions\c\justrica\BankingSystem\BankingSystem\BankingSystem.c(140,10): warning C4477: 'scanf_s' : format string '%s' requires an argument of type 'unsigned int', but variadic argument 2 has type 'size_t'
C:\Users\roren\Documents\Projects\commissions\c\justrica\BankingSystem\BankingSystem\BankingSystem.c(140,10): message : this argument is used as a buffer size
C:\Users\roren\Documents\Projects\commissions\c\justrica\BankingSystem\BankingSystem\BankingSystem.c(171,10): warning C4477: 'scanf_s' : format string '%c' requires an argument of type 'unsigned int', but variadic argument 2 has type 'size_t'
C:\Users\roren\Documents\Projects\commissions\c\justrica\BankingSystem\BankingSystem\BankingSystem.c(171,10): message : this argument is used as a buffer size
C:\Users\roren\Documents\Projects\commissions\c\justrica\BankingSystem\BankingSystem\BankingSystem.c(175,12): warning C4477: 'scanf_s' : format string '%c' requires an argument of type 'unsigned int', but variadic argument 2 has type 'size_t'
C:\Users\roren\Documents\Projects\commissions\c\justrica\BankingSystem\BankingSystem\BankingSystem.c(175,12): message : this argument is used as a buffer size
C:\Users\roren\Documents\Projects\commissions\c\justrica\BankingSystem\BankingSystem\BankingSystem.c(183,12): warning C4477: 'scanf_s' : format string '%c' requires an argument of type 'unsigned int', but variadic argument 2 has type 'size_t'
C:\Users\roren\Documents\Projects\commissions\c\justrica\BankingSystem\BankingSystem\BankingSystem.c(183,12): message : this argument is used as a buffer size
C:\Users\roren\Documents\Projects\commissions\c\justrica\BankingSystem\BankingSystem\BankingSystem.c(219,11): warning C4477: 'scanf_s' : format string '%s' requires an argument of type 'unsigned int', but variadic argument 2 has type 'size_t'
C:\Users\roren\Documents\Projects\commissions\c\justrica\BankingSystem\BankingSystem\BankingSystem.c(219,11): message : this argument is used as a buffer size
C:\Users\roren\Documents\Projects\commissions\c\justrica\BankingSystem\BankingSystem\BankingSystem.c(226,11): warning C4477: 'scanf_s' : format string '%c' requires an argument of type 'unsigned int', but variadic argument 2 has type 'size_t'
C:\Users\roren\Documents\Projects\commissions\c\justrica\BankingSystem\BankingSystem\BankingSystem.c(226,11): message : this argument is used as a buffer size
  BankingSystem.vcxproj -> C:\Users\roren\Documents\Projects\commissions\c\justrica\BankingSystem\x64\Debug\BankingSystem.exe
